<?xml version="1.0" encoding="UTF-8"?>
<coverage generated="1555648321744" clover="3.2.0">
  <project timestamp="1555648321744" name="All files">
    <metrics statements="46" coveredstatements="37" conditionals="25" coveredconditionals="18" methods="12" coveredmethods="7" elements="83" coveredelements="62" complexity="0" loc="46" ncloc="46" packages="2" files="3" classes="3">
      <package name="SCL007-TicTacToe">
        <metrics statements="35" coveredstatements="29" conditionals="23" coveredconditionals="18" methods="9" coveredmethods="7"/>
        <file name="App.js" path="C:\Users\rcana\Documents\Laboratoria\SCL007-TicTacToe\App.js">
          <metrics statements="35" coveredstatements="29" conditionals="23" coveredconditionals="18" methods="9" coveredmethods="7"/>
          <line num="1" count="1" type="stmt"/>
          <line num="2" count="1" type="stmt"/>
          <line num="3" count="1" type="stmt"/>
          <line num="4" count="1" type="stmt"/>
          <line num="7" count="1" type="stmt"/>
          <line num="8" count="6" type="stmt"/>
          <line num="9" count="6" type="stmt"/>
          <line num="10" count="6" type="stmt"/>
          <line num="17" count="6" type="stmt"/>
          <line num="18" count="6" type="stmt"/>
          <line num="19" count="6" type="stmt"/>
          <line num="20" count="6" type="stmt"/>
          <line num="21" count="1" type="stmt"/>
          <line num="23" count="0" type="stmt"/>
          <line num="24" count="0" type="stmt"/>
          <line num="25" count="0" type="cond" truecount="0" falsecount="4"/>
          <line num="26" count="0" type="stmt"/>
          <line num="37" count="0" type="stmt"/>
          <line num="50" count="0" type="stmt"/>
          <line num="54" count="32" type="stmt"/>
          <line num="55" count="32" type="cond" truecount="1" falsecount="1"/>
          <line num="56" count="32" type="cond" truecount="2" falsecount="0"/>
          <line num="57" count="32" type="stmt"/>
          <line num="66" count="1" type="stmt"/>
          <line num="75" count="32" type="stmt"/>
          <line num="76" count="32" type="stmt"/>
          <line num="86" count="32" type="stmt"/>
          <line num="87" count="256" type="cond" truecount="5" falsecount="0"/>
          <line num="88" count="2" type="stmt"/>
          <line num="93" count="2" type="stmt"/>
          <line num="96" count="32" type="cond" truecount="2" falsecount="0"/>
          <line num="97" count="2" type="stmt"/>
          <line num="105" count="43" type="stmt"/>
          <line num="128" count="1" type="stmt"/>
          <line num="131" count="1" type="stmt"/>
        </file>
      </package>
      <package name="SCL007-TicTacToe.components">
        <metrics statements="11" coveredstatements="8" conditionals="2" coveredconditionals="0" methods="3" coveredmethods="0"/>
        <file name="Board.js" path="C:\Users\rcana\Documents\Laboratoria\SCL007-TicTacToe\components\Board.js">
          <metrics statements="5" coveredstatements="4" conditionals="0" coveredconditionals="0" methods="1" coveredmethods="0"/>
          <line num="1" count="1" type="stmt"/>
          <line num="2" count="1" type="stmt"/>
          <line num="5" count="0" type="stmt"/>
          <line num="12" count="1" type="stmt"/>
          <line num="25" count="1" type="stmt"/>
        </file>
        <file name="Square.js" path="C:\Users\rcana\Documents\Laboratoria\SCL007-TicTacToe\components\Square.js">
          <metrics statements="6" coveredstatements="4" conditionals="2" coveredconditionals="0" methods="2" coveredmethods="0"/>
          <line num="1" count="1" type="stmt"/>
          <line num="2" count="1" type="stmt"/>
          <line num="5" count="0" type="stmt"/>
          <line num="6" count="0" type="stmt"/>
          <line num="13" count="1" type="stmt"/>
          <line num="30" count="1" type="stmt"/>
        </file>
      </package>
    </metrics>
  </project>
</coverage>
