{"C:\\Users\\rcana\\Documents\\Laboratoria\\SCL007-TicTacToe\\App.js": {"path":"C:\\Users\\rcana\\Documents\\Laboratoria\\SCL007-TicTacToe\\App.js","statementMap":{"0":{"start":{"line":1,"column":42},"end":{"line":1,"column":97}},"1":{"start":{"line":1,"column":98},"end":{"line":1,"column":160}},"2":{"start":{"line":1,"column":160},"end":{"line":1,"column":185}},"3":{"start":{"line":1,"column":206},"end":{"line":1,"column":276}},"4":{"start":{"line":1,"column":300},"end":{"line":1,"column":372}},"5":{"start":{"line":1,"column":393},"end":{"line":1,"column":462}},"6":{"start":{"line":1,"column":497},"end":{"line":1,"column":580}},"7":{"start":{"line":1,"column":604},"end":{"line":1,"column":676}},"8":{"start":{"line":1,"column":707},"end":{"line":1,"column":786}},"9":{"start":{"line":1,"column":804},"end":{"line":1,"column":870}},"10":{"start":{"line":1,"column":884},"end":{"line":1,"column":924}},"11":{"start":{"line":2,"column":19},"end":{"line":2,"column":42}},"12":{"start":{"line":3,"column":13},"end":{"line":3,"column":66}},"13":{"start":{"line":4,"column":14},"end":{"line":4,"column":68}},"14":{"start":{"line":4,"column":88},"end":{"line":4,"column":156}},"15":{"start":{"line":7,"column":6},"end":{"line":128,"column":48}},"16":{"start":{"line":7,"column":35},"end":{"line":7,"column":82}},"17":{"start":{"line":8,"column":33},"end":{"line":8,"column":74}},"18":{"start":{"line":9,"column":4},"end":{"line":9,"column":113}},"19":{"start":{"line":10,"column":4},"end":{"line":14,"column":32}},"20":{"start":{"line":17,"column":4},"end":{"line":17,"column":88}},"21":{"start":{"line":18,"column":4},"end":{"line":18,"column":86}},"22":{"start":{"line":19,"column":4},"end":{"line":19,"column":90}},"23":{"start":{"line":20,"column":4},"end":{"line":20,"column":94}},"24":{"start":{"line":20,"column":94},"end":{"line":20,"column":107}},"25":{"start":{"line":21,"column":3},"end":{"line":128,"column":10}},"26":{"start":{"line":23,"column":18},"end":{"line":23,"column":22}},"27":{"start":{"line":24,"column":20},"end":{"line":49,"column":8}},"28":{"start":{"line":25,"column":8},"end":{"line":47,"column":9}},"29":{"start":{"line":26,"column":10},"end":{"line":33,"column":87}},"30":{"start":{"line":37,"column":10},"end":{"line":44,"column":87}},"31":{"start":{"line":50,"column":6},"end":{"line":50,"column":21}},"32":{"start":{"line":54,"column":20},"end":{"line":54,"column":35}},"33":{"start":{"line":55,"column":6},"end":{"line":62,"column":7}},"34":{"start":{"line":56,"column":8},"end":{"line":56,"column":50}},"35":{"start":{"line":57,"column":8},"end":{"line":61,"column":27}},"36":{"start":{"line":66,"column":6},"end":{"line":71,"column":36}},"37":{"start":{"line":75,"column":18},"end":{"line":75,"column":22}},"38":{"start":{"line":76,"column":28},"end":{"line":84,"column":16}},"39":{"start":{"line":86,"column":6},"end":{"line":95,"column":9}},"40":{"start":{"line":87,"column":8},"end":{"line":94,"column":9}},"41":{"start":{"line":88,"column":10},"end":{"line":91,"column":47}},"42":{"start":{"line":93,"column":10},"end":{"line":93,"column":17}},"43":{"start":{"line":96,"column":6},"end":{"line":101,"column":7}},"44":{"start":{"line":97,"column":8},"end":{"line":99,"column":31}},"45":{"start":{"line":105,"column":6},"end":{"line":122,"column":166}},"46":{"start":{"line":128,"column":10},"end":{"line":128,"column":21}},"47":{"start":{"line":128,"column":49},"end":{"line":128,"column":71}},"48":{"start":{"line":131,"column":13},"end":{"line":173,"column":28}}},"fnMap":{"0":{"name":"(anonymous_0)","decl":{"start":{"line":7,"column":6},"end":{"line":7,"column":7}},"loc":{"start":{"line":7,"column":34},"end":{"line":128,"column":22}},"line":7},"1":{"name":"App","decl":{"start":{"line":8,"column":11},"end":{"line":8,"column":14}},"loc":{"start":{"line":8,"column":22},"end":{"line":21,"column":3}},"line":8},"2":{"name":"fillBoard","decl":{"start":{"line":21,"column":72},"end":{"line":21,"column":81}},"loc":{"start":{"line":23,"column":4},"end":{"line":51,"column":5}},"line":23},"3":{"name":"(anonymous_3)","decl":{"start":{"line":24,"column":40},"end":{"line":24,"column":41}},"loc":{"start":{"line":24,"column":57},"end":{"line":49,"column":7}},"line":24},"4":{"name":"playMove","decl":{"start":{"line":51,"column":44},"end":{"line":51,"column":52}},"loc":{"start":{"line":53,"column":7},"end":{"line":63,"column":5}},"line":53},"5":{"name":"resetBoard","decl":{"start":{"line":63,"column":46},"end":{"line":63,"column":56}},"loc":{"start":{"line":65,"column":4},"end":{"line":73,"column":5}},"line":65},"6":{"name":"winCondition","decl":{"start":{"line":73,"column":48},"end":{"line":73,"column":60}},"loc":{"start":{"line":75,"column":4},"end":{"line":102,"column":5}},"line":75},"7":{"name":"(anonymous_7)","decl":{"start":{"line":86,"column":30},"end":{"line":86,"column":31}},"loc":{"start":{"line":86,"column":53},"end":{"line":95,"column":7}},"line":86},"8":{"name":"render","decl":{"start":{"line":102,"column":42},"end":{"line":102,"column":48}},"loc":{"start":{"line":104,"column":4},"end":{"line":128,"column":5}},"line":104}},"branchMap":{"0":{"loc":{"start":{"line":25,"column":8},"end":{"line":47,"column":9}},"type":"if","locations":[{"start":{"line":25,"column":8},"end":{"line":47,"column":9}},{"start":{"line":25,"column":8},"end":{"line":47,"column":9}}],"line":25},"1":{"loc":{"start":{"line":25,"column":12},"end":{"line":25,"column":94}},"type":"binary-expr","locations":[{"start":{"line":25,"column":12},"end":{"line":25,"column":42}},{"start":{"line":25,"column":46},"end":{"line":25,"column":94}}],"line":25},"2":{"loc":{"start":{"line":55,"column":6},"end":{"line":62,"column":7}},"type":"if","locations":[{"start":{"line":55,"column":6},"end":{"line":62,"column":7}},{"start":{"line":55,"column":6},"end":{"line":62,"column":7}}],"line":55},"3":{"loc":{"start":{"line":56,"column":21},"end":{"line":56,"column":49}},"type":"cond-expr","locations":[{"start":{"line":56,"column":40},"end":{"line":56,"column":43}},{"start":{"line":56,"column":46},"end":{"line":56,"column":49}}],"line":56},"4":{"loc":{"start":{"line":87,"column":8},"end":{"line":94,"column":9}},"type":"if","locations":[{"start":{"line":87,"column":8},"end":{"line":94,"column":9}},{"start":{"line":87,"column":8},"end":{"line":94,"column":9}}],"line":87},"5":{"loc":{"start":{"line":87,"column":12},"end":{"line":87,"column":195}},"type":"binary-expr","locations":[{"start":{"line":87,"column":12},"end":{"line":87,"column":45}},{"start":{"line":87,"column":49},"end":{"line":87,"column":120}},{"start":{"line":87,"column":124},"end":{"line":87,"column":195}}],"line":87},"6":{"loc":{"start":{"line":96,"column":6},"end":{"line":101,"column":7}},"type":"if","locations":[{"start":{"line":96,"column":6},"end":{"line":101,"column":7}},{"start":{"line":96,"column":6},"end":{"line":101,"column":7}}],"line":96},"7":{"loc":{"start":{"line":107,"column":155},"end":{"line":107,"column":183}},"type":"cond-expr","locations":[{"start":{"line":107,"column":174},"end":{"line":107,"column":177}},{"start":{"line":107,"column":180},"end":{"line":107,"column":183}}],"line":107},"8":{"loc":{"start":{"line":115,"column":8},"end":{"line":122,"column":163}},"type":"binary-expr","locations":[{"start":{"line":115,"column":8},"end":{"line":115,"column":25}},{"start":{"line":116,"column":8},"end":{"line":122,"column":163}}],"line":115},"9":{"loc":{"start":{"line":117,"column":141},"end":{"line":117,"column":246}},"type":"cond-expr","locations":[{"start":{"line":117,"column":198},"end":{"line":117,"column":226}},{"start":{"line":117,"column":229},"end":{"line":117,"column":246}}],"line":117},"10":{"loc":{"start":{"line":117,"column":141},"end":{"line":117,"column":195}},"type":"binary-expr","locations":[{"start":{"line":117,"column":141},"end":{"line":117,"column":166}},{"start":{"line":117,"column":170},"end":{"line":117,"column":195}}],"line":117}},"s":{"0":1,"1":1,"2":1,"3":1,"4":1,"5":1,"6":1,"7":1,"8":1,"9":1,"10":1,"11":1,"12":1,"13":1,"14":1,"15":1,"16":1,"17":6,"18":6,"19":6,"20":6,"21":6,"22":6,"23":6,"24":6,"25":1,"26":0,"27":0,"28":0,"29":0,"30":0,"31":0,"32":32,"33":32,"34":32,"35":32,"36":1,"37":32,"38":32,"39":32,"40":256,"41":2,"42":2,"43":32,"44":2,"45":43,"46":1,"47":1,"48":1},"f":{"0":1,"1":6,"2":0,"3":0,"4":32,"5":1,"6":32,"7":256,"8":43},"b":{"0":[0,0],"1":[0,0],"2":[32,0],"3":[18,14],"4":[2,254],"5":[256,175,28],"6":[2,30],"7":[22,21],"8":[43,4],"9":[2,2],"10":[4,3]},"_coverageSchema":"332fd63041d2c1bcb487cc26dd0d5f7d97098a6c","hash":"dc960df8a41e30f5174d28d90a2efdc4b7d98152"}
,"C:\\Users\\rcana\\Documents\\Laboratoria\\SCL007-TicTacToe\\components\\Board.js": {"path":"C:\\Users\\rcana\\Documents\\Laboratoria\\SCL007-TicTacToe\\components\\Board.js","statementMap":{"0":{"start":{"line":1,"column":42},"end":{"line":1,"column":97}},"1":{"start":{"line":1,"column":98},"end":{"line":1,"column":160}},"2":{"start":{"line":1,"column":160},"end":{"line":1,"column":185}},"3":{"start":{"line":1,"column":198},"end":{"line":1,"column":238}},"4":{"start":{"line":2,"column":19},"end":{"line":2,"column":42}},"5":{"start":{"line":2,"column":62},"end":{"line":2,"column":144}},"6":{"start":{"line":5,"column":2},"end":{"line":7,"column":24}},"7":{"start":{"line":12,"column":13},"end":{"line":20,"column":25}},"8":{"start":{"line":25,"column":0},"end":{"line":25,"column":5}},"9":{"start":{"line":25,"column":6},"end":{"line":25,"column":33}}},"fnMap":{"0":{"name":"Board","decl":{"start":{"line":4,"column":9},"end":{"line":4,"column":14}},"loc":{"start":{"line":4,"column":22},"end":{"line":10,"column":1}},"line":4}},"branchMap":{},"s":{"0":1,"1":1,"2":1,"3":1,"4":1,"5":1,"6":0,"7":1,"8":1,"9":1},"f":{"0":0},"b":{},"_coverageSchema":"332fd63041d2c1bcb487cc26dd0d5f7d97098a6c","hash":"ff7247fd648657c14a2397b03e1301cb3a174def"}
,"C:\\Users\\rcana\\Documents\\Laboratoria\\SCL007-TicTacToe\\components\\Square.js": {"path":"C:\\Users\\rcana\\Documents\\Laboratoria\\SCL007-TicTacToe\\components\\Square.js","statementMap":{"0":{"start":{"line":1,"column":42},"end":{"line":1,"column":97}},"1":{"start":{"line":1,"column":98},"end":{"line":1,"column":160}},"2":{"start":{"line":1,"column":160},"end":{"line":1,"column":185}},"3":{"start":{"line":1,"column":206},"end":{"line":1,"column":276}},"4":{"start":{"line":1,"column":290},"end":{"line":1,"column":330}},"5":{"start":{"line":2,"column":19},"end":{"line":2,"column":42}},"6":{"start":{"line":2,"column":62},"end":{"line":2,"column":145}},"7":{"start":{"line":5,"column":2},"end":{"line":8,"column":151}},"8":{"start":{"line":6,"column":192},"end":{"line":6,"column":227}},"9":{"start":{"line":13,"column":12},"end":{"line":26,"column":23}},"10":{"start":{"line":30,"column":0},"end":{"line":30,"column":6}},"11":{"start":{"line":30,"column":7},"end":{"line":30,"column":34}}},"fnMap":{"0":{"name":"Square","decl":{"start":{"line":4,"column":9},"end":{"line":4,"column":15}},"loc":{"start":{"line":4,"column":23},"end":{"line":11,"column":1}},"line":4},"1":{"name":"onPress","decl":{"start":{"line":6,"column":181},"end":{"line":6,"column":188}},"loc":{"start":{"line":6,"column":191},"end":{"line":6,"column":228}},"line":6}},"branchMap":{"0":{"loc":{"start":{"line":7,"column":4},"end":{"line":8,"column":148}},"type":"binary-expr","locations":[{"start":{"line":7,"column":4},"end":{"line":7,"column":17}},{"start":{"line":8,"column":4},"end":{"line":8,"column":148}}],"line":7}},"s":{"0":1,"1":1,"2":1,"3":1,"4":1,"5":1,"6":1,"7":0,"8":0,"9":1,"10":1,"11":1},"f":{"0":0,"1":0},"b":{"0":[0,0]},"_coverageSchema":"332fd63041d2c1bcb487cc26dd0d5f7d97098a6c","hash":"b05e65bf2df891e7be40c15df12861e8526d4abe"}
}
