TN:
SF:C:\Users\rcana\Documents\Laboratoria\SCL007-TicTacToe\App.js
FN:7,(anonymous_0)
FN:8,App
FN:21,fillBoard
FN:24,(anonymous_3)
FN:51,playMove
FN:63,resetBoard
FN:73,winCondition
FN:86,(anonymous_7)
FN:102,render
FNF:9
FNH:7
FNDA:1,(anonymous_0)
FNDA:6,App
FNDA:0,fillBoard
FNDA:0,(anonymous_3)
FNDA:32,playMove
FNDA:1,resetBoard
FNDA:32,winCondition
FNDA:256,(anonymous_7)
FNDA:43,render
DA:1,1
DA:2,1
DA:3,1
DA:4,1
DA:7,1
DA:8,6
DA:9,6
DA:10,6
DA:17,6
DA:18,6
DA:19,6
DA:20,6
DA:21,1
DA:23,0
DA:24,0
DA:25,0
DA:26,0
DA:37,0
DA:50,0
DA:54,32
DA:55,32
DA:56,32
DA:57,32
DA:66,1
DA:75,32
DA:76,32
DA:86,32
DA:87,256
DA:88,2
DA:93,2
DA:96,32
DA:97,2
DA:105,43
DA:128,1
DA:131,1
LF:35
LH:29
BRDA:25,0,0,0
BRDA:25,0,1,0
BRDA:25,1,0,0
BRDA:25,1,1,0
BRDA:55,2,0,32
BRDA:55,2,1,0
BRDA:56,3,0,18
BRDA:56,3,1,14
BRDA:87,4,0,2
BRDA:87,4,1,254
BRDA:87,5,0,256
BRDA:87,5,1,175
BRDA:87,5,2,28
BRDA:96,6,0,2
BRDA:96,6,1,30
BRDA:107,7,0,22
BRDA:107,7,1,21
BRDA:115,8,0,43
BRDA:115,8,1,4
BRDA:117,9,0,2
BRDA:117,9,1,2
BRDA:117,10,0,4
BRDA:117,10,1,3
BRF:23
BRH:18
end_of_record
TN:
SF:C:\Users\rcana\Documents\Laboratoria\SCL007-TicTacToe\components\Board.js
FN:4,Board
FNF:1
FNH:0
FNDA:0,Board
DA:1,1
DA:2,1
DA:5,0
DA:12,1
DA:25,1
LF:5
LH:4
BRF:0
BRH:0
end_of_record
TN:
SF:C:\Users\rcana\Documents\Laboratoria\SCL007-TicTacToe\components\Square.js
FN:4,Square
FN:6,onPress
FNF:2
FNH:0
FNDA:0,Square
FNDA:0,onPress
DA:1,1
DA:2,1
DA:5,0
DA:6,0
DA:13,1
DA:30,1
LF:6
LH:4
BRDA:7,0,0,0
BRDA:7,0,1,0
BRF:2
BRH:0
end_of_record
